Unable to capture context for thread 7140 in process 9868, can not generate back trace
Unable to capture context for thread 16692 in process 9868, can not generate back trace
Unable to capture context for thread 6908 in process 9868, can not generate back trace
Unable to capture context for thread 17548 in process 9868, can not generate back trace
Exception at PC 0x00007FF994C0BB93
Printing stacktrace...

Unable to capture context for thread 16692 in process 9868, can not generate back trace
Unable to capture context for thread 17548 in process 9868, can not generate back trace
Exception at PC 0x00007FF9DA869E08
Exception at PC 0x00007FF9DA869E08
Exception at PC 0x00007FF9DA869E08
Exception at PC 0x00007FF9DA869E08
Exception at PC 0x00007FF9DA869E08
Exception at PC 0x00007FF9DA869E08
Exception at PC 0x00007FF9DA869E08
Exception at PC 0x00007FF9DA869E08
Exception at PC 0x00007FF9DA869E08
Exception at PC 0x00007FF9DA869E08
Exception at PC 0x00007FF9DA869E08
Exception at PC 0x00007FF9DA869E08
Exception at PC 0x00007FF9DA869E08
Exception at PC 0x00007FF9DA869E08
[0]  [0x00007FF994C0BB93]
[1]  [0x00007FF994C0BB93]
[2]  [0x00007FF994C0B4A1]
[3]  [0x00007FF994C0B3EF]
[4]  [0x00007FF994BF19FE]
[5]  [0x00007FF994BF0ED1]
[6]  [0x00007FF994BF0D76]
[7]  [0x00007FF994B979F6]
[8]  [0x00007FF994B87AFB]
[9]  [0x00007FF994CAE90A]
[10]  [0x00007FF994CC9F87]
[11]  [0x00007FF994CCA05F]
[12] (BaseThreadInitThunk+0x14) [0x00007FF9DD962774]
[13] (RtlUserThreadStart+0x21) [0x00007FF9DDDF0D51]
Done
Exception at PC 0x00007FF9DA869E08
Exception at PC 0x00007FF9DA869E08
Exception at PC 0x00007FF9DA869E08
Exception at PC 0x00007FF9DA869E08
