Copyright 1986-2016 Xilinx, Inc. All Rights Reserved.
------------------------------------------------------------------------------------
| Tool Version : Vivado v.2016.4 (win64) Build 1733598 Wed Dec 14 22:35:39 MST 2016
| Date         : Wed Dec 13 21:21:23 2017
| Host         : DESKTOP-VN8J9QP running 64-bit major release  (build 9200)
| Command      : report_drc -file add_drc_opted.rpt
| Design       : add
| Device       : xc7z010clg400-1
| Speed File   : -1
| Design State : Synthesized
------------------------------------------------------------------------------------

Report DRC

Table of Contents
-----------------
1. REPORT SUMMARY
2. REPORT DETAILS

1. REPORT SUMMARY
-----------------
            Netlist: netlist
          Floorplan: checkpoint_add
      Design limits: <entire design considered>
           Ruledeck: default
             Max violations: <unlimited>
             Violations found: 2
+--------+----------+------------------------------------------------------------------+------------+
| Rule   | Severity | Description                                                      | Violations |
+--------+----------+------------------------------------------------------------------+------------+
| CKLD-2 | Warning  | Clock Net has IO Driver, not a Clock Buf, and/or non-Clock loads | 1          |
| ZPS7-1 | Warning  | PS7 block required                                               | 1          |
+--------+----------+------------------------------------------------------------------+------------+

2. REPORT DETAILS
-----------------
CKLD-2#1 Warning
Clock Net has IO Driver, not a Clock Buf, and/or non-Clock loads  
Clock net CLK_IBUF is directly driven by an IO rather than a Clock Buffer or may be an IO driving a mix of Clock Buffer and non-Clock loads. This connectivity should be reviewed and corrected as appropriate. Driver(s): CLK_IBUF_inst/O
Related violations: <none>

ZPS7-1#1 Warning
PS7 block required  
The PS7 cell must be used in this Zynq design in order to enable correct default configuration.
Related violations: <none>


